2024-07-23 12:26:42,629 - INFO - HTTP Request: GET https://kcklbzeaocexdwhcsiat.supabase.co/rest/v1/June_cigna_combined_table?select=%2A&website=is.null "HTTP/2 200 OK"
2024-07-23 12:31:02,584 - INFO - Fetching hospitals without websites
2024-07-23 12:31:02,585 - DEBUG - load_ssl_context verify=True cert=None trust_env=True http2=False
2024-07-23 12:31:02,585 - DEBUG - load_verify_locations cafile='/Library/Frameworks/Python.framework/Versions/3.10/lib/python3.10/site-packages/certifi/cacert.pem'
2024-07-23 12:31:02,596 - DEBUG - connect_tcp.started host='kcklbzeaocexdwhcsiat.supabase.co' port=443 local_address=None timeout=120 socket_options=None
2024-07-23 12:31:02,688 - DEBUG - connect_tcp.complete return_value=<httpcore._backends.sync.SyncStream object at 0x104710820>
2024-07-23 12:31:02,688 - DEBUG - start_tls.started ssl_context=<ssl.SSLContext object at 0x1046d89c0> server_hostname='kcklbzeaocexdwhcsiat.supabase.co' timeout=120
2024-07-23 12:31:02,711 - DEBUG - start_tls.complete return_value=<httpcore._backends.sync.SyncStream object at 0x1047107f0>
2024-07-23 12:31:02,712 - DEBUG - send_connection_init.started request=<Request [b'GET']>
2024-07-23 12:31:02,712 - DEBUG - send_connection_init.complete
2024-07-23 12:31:02,712 - DEBUG - send_request_headers.started request=<Request [b'GET']> stream_id=1
2024-07-23 12:31:02,712 - DEBUG - Adding (b':method', b'GET') to the header table, sensitive:False, huffman:True
2024-07-23 12:31:02,712 - DEBUG - Encoding 2 with 7 bits
2024-07-23 12:31:02,712 - DEBUG - Adding (b':authority', b'kcklbzeaocexdwhcsiat.supabase.co') to the header table, sensitive:False, huffman:True
2024-07-23 12:31:02,712 - DEBUG - Encoding 1 with 6 bits
2024-07-23 12:31:02,712 - DEBUG - Encoding 23 with 7 bits
2024-07-23 12:31:02,712 - DEBUG - Adding (b':scheme', b'https') to the header table, sensitive:False, huffman:True
2024-07-23 12:31:02,712 - DEBUG - Encoding 7 with 7 bits
2024-07-23 12:31:02,713 - DEBUG - Adding (b':path', b'/rest/v1/June_cigna_combined_table?select=%2A&website=is.null') to the header table, sensitive:False, huffman:True
2024-07-23 12:31:02,713 - DEBUG - Encoding 4 with 6 bits
2024-07-23 12:31:02,713 - DEBUG - Encoding 44 with 7 bits
2024-07-23 12:31:02,713 - DEBUG - Adding (b'accept', b'*/*') to the header table, sensitive:False, huffman:True
2024-07-23 12:31:02,713 - DEBUG - Encoding 19 with 6 bits
2024-07-23 12:31:02,713 - DEBUG - Encoding 3 with 7 bits
2024-07-23 12:31:02,713 - DEBUG - Adding (b'accept-encoding', b'gzip, deflate') to the header table, sensitive:False, huffman:True
2024-07-23 12:31:02,713 - DEBUG - Encoding 16 with 7 bits
2024-07-23 12:31:02,713 - DEBUG - Adding (b'user-agent', b'python-httpx/0.27.0') to the header table, sensitive:False, huffman:True
2024-07-23 12:31:02,713 - DEBUG - Encoding 58 with 6 bits
2024-07-23 12:31:02,713 - DEBUG - Encoding 14 with 7 bits
2024-07-23 12:31:02,713 - DEBUG - Adding (b'x-client-info', b'supabase-py/2.5.3') to the header table, sensitive:False, huffman:True
2024-07-23 12:31:02,713 - DEBUG - Encoding 10 with 7 bits
2024-07-23 12:31:02,713 - DEBUG - Encoding 13 with 7 bits
2024-07-23 12:31:02,713 - DEBUG - Adding (b'apikey', b'eyJhbGciOiJIUzI1NiIsInR5cCI6IkpXVCJ9.eyJpc3MiOiJzdXBhYmFzZSIsInJlZiI6Imtja2xiemVhb2NleGR3aGNzaWF0Iiwicm9sZSI6ImFub24iLCJpYXQiOjE3MTk3NzI3MTksImV4cCI6MjAzNTM0ODcxOX0.T7ooLFl6wuHF9FYlaVInWk4_ctvgpjjy7Q2trqiSkOM') to the header table, sensitive:False, huffman:True
2024-07-23 12:31:02,713 - DEBUG - Encoding 5 with 7 bits
2024-07-23 12:31:02,713 - DEBUG - Encoding 166 with 7 bits
2024-07-23 12:31:02,713 - DEBUG - Adding (b'authorization', b'Bearer eyJhbGciOiJIUzI1NiIsInR5cCI6IkpXVCJ9.eyJpc3MiOiJzdXBhYmFzZSIsInJlZiI6Imtja2xiemVhb2NleGR3aGNzaWF0Iiwicm9sZSI6ImFub24iLCJpYXQiOjE3MTk3NzI3MTksImV4cCI6MjAzNTM0ODcxOX0.T7ooLFl6wuHF9FYlaVInWk4_ctvgpjjy7Q2trqiSkOM') to the header table, sensitive:True, huffman:True
2024-07-23 12:31:02,713 - DEBUG - Encoding 23 with 4 bits
2024-07-23 12:31:02,714 - DEBUG - Encoding 171 with 7 bits
2024-07-23 12:31:02,714 - DEBUG - Adding (b'accept-profile', b'public') to the header table, sensitive:False, huffman:True
2024-07-23 12:31:02,714 - DEBUG - Encoding 10 with 7 bits
2024-07-23 12:31:02,714 - DEBUG - Encoding 5 with 7 bits
2024-07-23 12:31:02,714 - DEBUG - Adding (b'content-profile', b'public') to the header table, sensitive:False, huffman:True
2024-07-23 12:31:02,714 - DEBUG - Encoding 11 with 7 bits
2024-07-23 12:31:02,714 - DEBUG - Encoding 5 with 7 bits
2024-07-23 12:31:02,714 - DEBUG - Adding (b'content-length', b'2') to the header table, sensitive:False, huffman:True
2024-07-23 12:31:02,714 - DEBUG - Encoding 28 with 6 bits
2024-07-23 12:31:02,714 - DEBUG - Encoding 1 with 7 bits
2024-07-23 12:31:02,714 - DEBUG - Adding (b'content-type', b'application/json') to the header table, sensitive:False, huffman:True
2024-07-23 12:31:02,714 - DEBUG - Encoding 31 with 6 bits
2024-07-23 12:31:02,714 - DEBUG - Encoding 11 with 7 bits
2024-07-23 12:31:02,714 - DEBUG - Encoded header block to b"\x82A\x97\xeaN\xb4G\xec\xa39\x0b\xe6O\x13\x91\x06\x1aWE\xb5\x8e1\xa0\xab\x90\xff\x87D\xacb\xc2\xa1,w\x0b\x19m\xa8\xb1\x10\xd3T8\x88zc5E\x92$\x8e:\x0b\xfe \xb4\x14\x89\x81QC\xf1\xe0\xb1\xa0\xc9,\x06B\xf5[E\x1fS\x83\xf9c\xe7\x90z\x8e\xaf\xd2g=KN\x94\xd7\xe5\x80.'W\x07@\x8a\xf2\xb1(1jJ\xc6\xaaS\xff\x8dE\xb5\x8e1\xa0\xabW\xe9\x81.\xda\xec\xff@\x85\x1df\xea__\xff'/\xac\xb3\xc7\x88\x86\xd4l\xb98{\xc8\x1d&\xc8\x8c\x95ml\x97\xb29\x93\xad\x7f\x9coe}r\xfa\xcbY\x19\xd0mF\xcb\xeeO\xcb\xb3\xf3\xa7\x0f\xbf\xdd\xd9\x11\x92\xac\xb4~\x9b#\x99)OA\x8b\xc9\x8bO\x19\xe3\x16\x9a\x0b\x8bk#\xc5\xa7\xd8\xf9a\x06Cx1)}\x1f\xbb\xb29\x92\x9c6\xc6&\x8d\x9e\xf6Z\xf9\xfel6\xae\x98\x19\xd1\xbf\xab:}\xe4gF\xfe\xa8\xc9O\x16\x89{#\x9a:C\xefN\xfd\x00\xd5|\x9eu~\x01}\xee\x9c\xf9\xf0\xd0\xe7\x8bq\xe1\x7f\x0f:\x07\xc7%\\\xba\xb5\x11\x13\xdej\xfat\xf4\xee\xc1&\xce\xc6\xdd\xd7V\x8f\x1f\x08\xff,\xbaQ\xd8[\x14/\xac\xb3\xc7\x88\x86\xd4l\xb98{\xc8\x1d&\xc8\x8c\x95ml\x97\xb29\x93\xad\x7f\x9coe}r\xfa\xcbY\x19\xd0mF\xcb\xeeO\xcb\xb3\xf3\xa7\x0f\xbf\xdd\xd9\x11\x92\xac\xb4~\x9b#\x99)OA\x8b\xc9\x8bO\x19\xe3\x16\x9a\x0b\x8bk#\xc5\xa7\xd8\xf9a\x06Cx1)}\x1f\xbb\xb29\x92\x9c6\xc6&\x8d\x9e\xf6Z\xf9\xfel6\xae\x98\x19\xd1\xbf\xab:}\xe4gF\xfe\xa8\xc9O\x16\x89{#\x9a:C\xefN\xfd\x00\xd5|\x9eu~\x01}\xee\x9c\xf9\xf0\xd0\xe7\x8bq\xe1\x7f\x0f:\x07\xc7%\\\xba\xb5\x11\x13\xdej\xfat\xf4\xee\xc1&\xce\xc6\xdd\xd7V\x8f@\x8a\x19\x08Z\xd2\xb5v\x1eSP_\x85\xae\xd8\xe81?@\x8b!\xeaIjJ\xd5\xd8yMA\x7f\x85\xae\xd8\xe81?\\\x81\x17_\x8b\x1du\xd0b\r&=LtA\xea"
2024-07-23 12:31:02,714 - DEBUG - send_request_headers.complete
2024-07-23 12:31:02,714 - DEBUG - send_request_body.started request=<Request [b'GET']> stream_id=1
2024-07-23 12:31:02,714 - DEBUG - send_request_body.complete
2024-07-23 12:31:02,714 - DEBUG - receive_response_headers.started request=<Request [b'GET']> stream_id=1
2024-07-23 12:31:02,732 - DEBUG - receive_remote_settings.started
2024-07-23 12:31:02,732 - DEBUG - receive_remote_settings.complete return_value=<RemoteSettingsChanged changed_settings:{ChangedSetting(setting=SettingCodes.MAX_CONCURRENT_STREAMS, original_value=None, new_value=100), ChangedSetting(setting=SettingCodes.INITIAL_WINDOW_SIZE, original_value=65535, new_value=65536), ChangedSetting(setting=SettingCodes.MAX_FRAME_SIZE, original_value=16384, new_value=16777215)}>
2024-07-23 12:31:03,168 - DEBUG - Decoding b'?\xe1\x1f\x88a\x96\xdfi~\x94\x13*e\xb6\x85\x04\x014\xa0]\xb8\xc8n\x01\x951h\xdf_\x96\x1du\xd0b\r&=LtA\xea\xfbP\x93\x8e\xc4\x150Z\x99V{^\x86\x02\xcf\xbe\xfb\x1f?@\x85$\xabX?_\x8fxn\xc8\xe3\x92\x15\xf8\xdfh\x12\x165\xb4`\xd1@\x8a$\xab\x10d\x9c\xab!#M\xa8\x86\xbf\xcfL:2^]\xa6c-\xb5\x16"\x1aj\x87\x11\x0fLf\xa8\xb2D\x91\xc7A\x7f\xc4\x16\x82\x910*(~<\x164\x19%\x80\xc8^\xabh\xa3x\x99\xa4~V\x1c\xc5\x80-\xb6\xd8\x80\x00}\xa8j\x89E\xb2\x17u\xb1\xdf=#5H@\x8b!\xeaIjJ\xd5\xd8yMA\x7f\x85\xae\xd8\xe81?@\x8dDkL4\x97\xc0\xfd-\xdc\xb6 \xc7\xab\x011@\x95\xf2\xb1j\xee\x7fK[Z\x13aGJ\xc8-\x9d\xccB\xac\x93R_\x0223{\x8b\x84\x84-i[\x05D<\x86\xaaov\x87%\x07\xb6Ih\x1d\x85Z\x83\x9b\xd9\xab@\x85\x1d\tY\x1d\xc9\x90\x9d\x98?\x9b\x8d4\xcf\xf3\xf6\xa5#\x81\xe7\x1a\x00?'
2024-07-23 12:31:03,168 - DEBUG - Decoded 4096, consumed 3 bytes
2024-07-23 12:31:03,168 - DEBUG - Resizing header table to 4096 from 4096
2024-07-23 12:31:03,168 - DEBUG - Decoded 8, consumed 1 bytes
2024-07-23 12:31:03,168 - DEBUG - Decoded (b':status', b'200'), consumed 1
2024-07-23 12:31:03,168 - DEBUG - Decoded 33, consumed 1 bytes
2024-07-23 12:31:03,168 - DEBUG - Decoded 22, consumed 1 bytes
2024-07-23 12:31:03,168 - DEBUG - Decoded (b'date', b'Tue, 23 Jul 2024 17:31:03 GMT'), total consumed 24 bytes, indexed True
2024-07-23 12:31:03,168 - DEBUG - Decoded 31, consumed 1 bytes
2024-07-23 12:31:03,168 - DEBUG - Decoded 22, consumed 1 bytes
2024-07-23 12:31:03,168 - DEBUG - Decoded (b'content-type', b'application/json; charset=utf-8'), total consumed 24 bytes, indexed True
2024-07-23 12:31:03,168 - DEBUG - Decoded 30, consumed 1 bytes
2024-07-23 12:31:03,168 - DEBUG - Decoded 6, consumed 1 bytes
2024-07-23 12:31:03,168 - DEBUG - Decoded (b'content-range', b'0-999/*'), total consumed 8 bytes, indexed True
2024-07-23 12:31:03,168 - DEBUG - Decoded 5, consumed 1 bytes
2024-07-23 12:31:03,168 - DEBUG - Decoded 15, consumed 1 bytes
2024-07-23 12:31:03,169 - DEBUG - Decoded (b'cf-ray', b'8a7d66de9b940deb-MEM'), total consumed 23 bytes, indexed True
2024-07-23 12:31:03,169 - DEBUG - Decoded 10, consumed 1 bytes
2024-07-23 12:31:03,169 - DEBUG - Decoded 6, consumed 1 bytes
2024-07-23 12:31:03,169 - DEBUG - Decoded (b'cf-cache-status', b'DYNAMIC'), total consumed 19 bytes, indexed True
2024-07-23 12:31:03,169 - DEBUG - Decoded 29, consumed 1 bytes
2024-07-23 12:31:03,169 - DEBUG - Decoded 38, consumed 1 bytes
2024-07-23 12:31:03,169 - DEBUG - Decoded (b'content-location', b'/June_cigna_combined_table?select=%2A&website=is.null'), total consumed 40 bytes, indexed True
2024-07-23 12:31:03,169 - DEBUG - Decoded 56, consumed 1 bytes
2024-07-23 12:31:03,169 - DEBUG - Decoded 25, consumed 1 bytes
2024-07-23 12:31:03,169 - DEBUG - Decoded (b'strict-transport-security', b'max-age=15552000; includeSubDomains'), total consumed 27 bytes, indexed True
2024-07-23 12:31:03,169 - DEBUG - Decoded 11, consumed 1 bytes
2024-07-23 12:31:03,169 - DEBUG - Decoded 5, consumed 1 bytes
2024-07-23 12:31:03,169 - DEBUG - Decoded (b'content-profile', b'public'), total consumed 19 bytes, indexed True
2024-07-23 12:31:03,169 - DEBUG - Decoded 13, consumed 1 bytes
2024-07-23 12:31:03,169 - DEBUG - Decoded 1, consumed 1 bytes
2024-07-23 12:31:03,169 - DEBUG - Decoded (b'sb-gateway-version', <memory at 0x1046c0580>), total consumed 17 bytes, indexed True
2024-07-23 12:31:03,169 - DEBUG - Decoded 21, consumed 1 bytes
2024-07-23 12:31:03,169 - DEBUG - Decoded 2, consumed 1 bytes
2024-07-23 12:31:03,169 - DEBUG - Decoded (b'x-envoy-upstream-service-time', <memory at 0x1046c01c0>), total consumed 26 bytes, indexed True
2024-07-23 12:31:03,169 - DEBUG - Decoded 59, consumed 1 bytes
2024-07-23 12:31:03,169 - DEBUG - Decoded 11, consumed 1 bytes
2024-07-23 12:31:03,169 - DEBUG - Decoded (b'vary', b'Accept-Encoding'), total consumed 13 bytes, indexed True
2024-07-23 12:31:03,169 - DEBUG - Decoded 54, consumed 1 bytes
2024-07-23 12:31:03,169 - DEBUG - Decoded 7, consumed 1 bytes
2024-07-23 12:31:03,169 - DEBUG - Decoded (b'server', b'cloudflare'), total consumed 9 bytes, indexed True
2024-07-23 12:31:03,169 - DEBUG - Decoded 26, consumed 1 bytes
2024-07-23 12:31:03,169 - DEBUG - Decoded 3, consumed 1 bytes
2024-07-23 12:31:03,169 - DEBUG - Decoded (b'content-encoding', b'gzip'), total consumed 5 bytes, indexed True
2024-07-23 12:31:03,169 - DEBUG - Decoded 5, consumed 1 bytes
2024-07-23 12:31:03,169 - DEBUG - Decoded 16, consumed 1 bytes
2024-07-23 12:31:03,169 - DEBUG - Decoded (b'alt-svc', b'h3=":443"; ma=86400'), total consumed 24 bytes, indexed True
2024-07-23 12:31:03,170 - DEBUG - receive_response_headers.complete return_value=(200, [(b'date', b'Tue, 23 Jul 2024 17:31:03 GMT'), (b'content-type', b'application/json; charset=utf-8'), (b'content-range', b'0-999/*'), (b'cf-ray', b'8a7d66de9b940deb-MEM'), (b'cf-cache-status', b'DYNAMIC'), (b'content-location', b'/June_cigna_combined_table?select=%2A&website=is.null'), (b'strict-transport-security', b'max-age=15552000; includeSubDomains'), (b'content-profile', b'public'), (b'sb-gateway-version', b'1'), (b'x-envoy-upstream-service-time', b'23'), (b'vary', b'Accept-Encoding'), (b'server', b'cloudflare'), (b'content-encoding', b'gzip'), (b'alt-svc', b'h3=":443"; ma=86400')])
2024-07-23 12:31:03,170 - INFO - HTTP Request: GET https://kcklbzeaocexdwhcsiat.supabase.co/rest/v1/June_cigna_combined_table?select=%2A&website=is.null "HTTP/2 200 OK"
2024-07-23 12:31:03,170 - DEBUG - receive_response_body.started request=<Request [b'GET']> stream_id=1
2024-07-23 12:31:03,186 - DEBUG - receive_response_body.complete
2024-07-23 12:31:03,187 - DEBUG - response_closed.started stream_id=1
2024-07-23 12:31:03,187 - DEBUG - response_closed.complete
2024-07-23 12:31:03,192 - INFO - Found 1000 hospitals without websites
2024-07-23 12:31:03,210 - DEBUG - Sending request for query: SUTTER BAY HOSPITALS BURLINGAME CA hospital website
2024-07-23 12:31:03,210 - DEBUG - Sending request for query: SBH-MADISON LLC MIDDLETON WI hospital website
2024-07-23 12:31:03,211 - DEBUG - Sending request for query: KENDALL HEALTHCARE GROUP, LTD. MIAMI FL hospital website
2024-07-23 12:31:03,211 - DEBUG - Sending request for query: CHRISTUS GOOD SHEPHERD MEDICAL CENTER LONGVIEW TX hospital website
2024-07-23 12:31:03,216 - DEBUG - Starting new HTTPS connection (1): www.google.com:443
2024-07-23 12:31:03,216 - DEBUG - Starting new HTTPS connection (1): www.google.com:443
2024-07-23 12:31:03,216 - DEBUG - Starting new HTTPS connection (1): www.google.com:443
2024-07-23 12:31:03,216 - DEBUG - Starting new HTTPS connection (1): www.google.com:443
2024-07-23 12:31:03,635 - DEBUG - https://www.google.com:443 "GET /search?q=CHRISTUS%20GOOD%20SHEPHERD%20MEDICAL%20CENTER%20LONGVIEW%20TX%20hospital%20website HTTP/11" 302 489
2024-07-23 12:31:03,636 - DEBUG - https://www.google.com:443 "GET /search?q=SBH-MADISON%20LLC%20MIDDLETON%20WI%20hospital%20website HTTP/11" 302 456
2024-07-23 12:31:03,640 - DEBUG - https://www.google.com:443 "GET /search?q=KENDALL%20HEALTHCARE%20GROUP,%20LTD.%20MIAMI%20FL%20hospital%20website HTTP/11" 302 475
2024-07-23 12:31:03,651 - DEBUG - https://www.google.com:443 "GET /search?q=SUTTER%20BAY%20HOSPITALS%20BURLINGAME%20CA%20hospital%20website HTTP/11" 302 466
2024-07-23 12:31:03,679 - DEBUG - https://www.google.com:443 "GET /sorry/index?continue=https://www.google.com/search%3Fq%3DSBH-MADISON%2520LLC%2520MIDDLETON%2520WI%2520hospital%2520website&q=EhAmAQPCgwCKsM0-soTuIdT-GNfR_7QGIjB-clHwnEcO-wIFXmED5RUeBlqkjC_vlUuBEvZT9p0MeCfCTZ9J4dYPKytsAvT6s6oyAXJaAUM HTTP/11" 429 3320
2024-07-23 12:31:03,680 - DEBUG - https://www.google.com:443 "GET /sorry/index?continue=https://www.google.com/search%3Fq%3DCHRISTUS%2520GOOD%2520SHEPHERD%2520MEDICAL%2520CENTER%2520LONGVIEW%2520TX%2520hospital%2520website&q=EhAmAQPCgwCKsM0-soTuIdT-GNfR_7QGIjAwvrTHs1qW3HqaClGdzzAxDbdITTS-LhYCV7L98K-a5l65S9Fphzo59-jtQb7DOfIyAXJaAUM HTTP/11" 429 3401
2024-07-23 12:31:03,681 - ERROR - Request failed for query 'CHRISTUS GOOD SHEPHERD MEDICAL CENTER LONGVIEW TX hospital website': 429 Client Error: Too Many Requests for url: https://www.google.com/sorry/index?continue=https://www.google.com/search%3Fq%3DCHRISTUS%2520GOOD%2520SHEPHERD%2520MEDICAL%2520CENTER%2520LONGVIEW%2520TX%2520hospital%2520website&q=EhAmAQPCgwCKsM0-soTuIdT-GNfR_7QGIjAwvrTHs1qW3HqaClGdzzAxDbdITTS-LhYCV7L98K-a5l65S9Fphzo59-jtQb7DOfIyAXJaAUM
2024-07-23 12:31:03,681 - ERROR - Request failed for query 'SBH-MADISON LLC MIDDLETON WI hospital website': 429 Client Error: Too Many Requests for url: https://www.google.com/sorry/index?continue=https://www.google.com/search%3Fq%3DSBH-MADISON%2520LLC%2520MIDDLETON%2520WI%2520hospital%2520website&q=EhAmAQPCgwCKsM0-soTuIdT-GNfR_7QGIjB-clHwnEcO-wIFXmED5RUeBlqkjC_vlUuBEvZT9p0MeCfCTZ9J4dYPKytsAvT6s6oyAXJaAUM
2024-07-23 12:31:03,682 - ERROR - Error in chunk 3: 'id'
2024-07-23 12:31:03,683 - ERROR - Error in chunk 0: 'id'
2024-07-23 12:31:03,685 - DEBUG - https://www.google.com:443 "GET /sorry/index?continue=https://www.google.com/search%3Fq%3DKENDALL%2520HEALTHCARE%2520GROUP,%2520LTD.%2520MIAMI%2520FL%2520hospital%2520website&q=EhAmAQPCgwCKsM0-soTuIdT-GNfR_7QGIjBYCQh2drWlp4IEN4sK56sisnP8tNgg_ILXibCQ_fg_8Jbix1L8BK68boOBMsI17SQyAXJaAUM HTTP/11" 429 3365
2024-07-23 12:31:03,686 - ERROR - Request failed for query 'KENDALL HEALTHCARE GROUP, LTD. MIAMI FL hospital website': 429 Client Error: Too Many Requests for url: https://www.google.com/sorry/index?continue=https://www.google.com/search%3Fq%3DKENDALL%2520HEALTHCARE%2520GROUP,%2520LTD.%2520MIAMI%2520FL%2520hospital%2520website&q=EhAmAQPCgwCKsM0-soTuIdT-GNfR_7QGIjBYCQh2drWlp4IEN4sK56sisnP8tNgg_ILXibCQ_fg_8Jbix1L8BK68boOBMsI17SQyAXJaAUM
2024-07-23 12:31:03,686 - ERROR - Error in chunk 1: 'id'
2024-07-23 12:31:03,687 - DEBUG - https://www.google.com:443 "GET /sorry/index?continue=https://www.google.com/search%3Fq%3DSUTTER%2520BAY%2520HOSPITALS%2520BURLINGAME%2520CA%2520hospital%2520website&q=EhAmAQPCgwCKsM0-soTuIdT-GNfR_7QGIjCIqYnWCdgGVdAYAHDhxRhHL5KyEeYBOa1DHU-6gEIT_Ap5yV_Glpa9ShZnJhN4cAgyAXJaAUM HTTP/11" 429 3344
2024-07-23 12:31:03,689 - ERROR - Request failed for query 'SUTTER BAY HOSPITALS BURLINGAME CA hospital website': 429 Client Error: Too Many Requests for url: https://www.google.com/sorry/index?continue=https://www.google.com/search%3Fq%3DSUTTER%2520BAY%2520HOSPITALS%2520BURLINGAME%2520CA%2520hospital%2520website&q=EhAmAQPCgwCKsM0-soTuIdT-GNfR_7QGIjCIqYnWCdgGVdAYAHDhxRhHL5KyEeYBOa1DHU-6gEIT_Ap5yV_Glpa9ShZnJhN4cAgyAXJaAUM
2024-07-23 12:31:03,689 - ERROR - Error in chunk 2: 'id'
2024-07-23 12:31:03,690 - INFO - Updated 0 hospital websites using 4 agents.
2024-07-23 12:37:20,609 - INFO - Chunk 0 completed. Updated 0 hospitals.
2024-07-23 12:37:21,308 - INFO - Chunk 3 completed. Updated 0 hospitals.
2024-07-23 12:37:23,281 - INFO - Chunk 2 completed. Updated 0 hospitals.
2024-07-23 12:37:31,998 - INFO - Chunk 1 completed. Updated 0 hospitals.
2024-07-23 12:37:32,001 - INFO - Updated 0 hospital websites using 4 agents.
2024-07-23 12:39:46,867 - INFO - Fetching hospitals without websites
2024-07-23 12:39:46,868 - DEBUG - load_ssl_context verify=True cert=None trust_env=True http2=False
2024-07-23 12:39:46,868 - DEBUG - load_verify_locations cafile='/Library/Frameworks/Python.framework/Versions/3.10/lib/python3.10/site-packages/certifi/cacert.pem'
2024-07-23 12:39:46,876 - DEBUG - connect_tcp.started host='kcklbzeaocexdwhcsiat.supabase.co' port=443 local_address=None timeout=120 socket_options=None
2024-07-23 12:39:46,977 - DEBUG - connect_tcp.complete return_value=<httpcore._backends.sync.SyncStream object at 0x10793c8b0>
2024-07-23 12:39:46,977 - DEBUG - start_tls.started ssl_context=<ssl.SSLContext object at 0x1079049c0> server_hostname='kcklbzeaocexdwhcsiat.supabase.co' timeout=120
2024-07-23 12:39:47,005 - DEBUG - start_tls.complete return_value=<httpcore._backends.sync.SyncStream object at 0x10793c880>
2024-07-23 12:39:47,005 - DEBUG - send_connection_init.started request=<Request [b'GET']>
2024-07-23 12:39:47,006 - DEBUG - send_connection_init.complete
2024-07-23 12:39:47,006 - DEBUG - send_request_headers.started request=<Request [b'GET']> stream_id=1
2024-07-23 12:39:47,006 - DEBUG - Adding (b':method', b'GET') to the header table, sensitive:False, huffman:True
2024-07-23 12:39:47,006 - DEBUG - Encoding 2 with 7 bits
2024-07-23 12:39:47,006 - DEBUG - Adding (b':authority', b'kcklbzeaocexdwhcsiat.supabase.co') to the header table, sensitive:False, huffman:True
2024-07-23 12:39:47,006 - DEBUG - Encoding 1 with 6 bits
2024-07-23 12:39:47,006 - DEBUG - Encoding 23 with 7 bits
2024-07-23 12:39:47,006 - DEBUG - Adding (b':scheme', b'https') to the header table, sensitive:False, huffman:True
2024-07-23 12:39:47,006 - DEBUG - Encoding 7 with 7 bits
2024-07-23 12:39:47,006 - DEBUG - Adding (b':path', b'/rest/v1/June_cigna_combined_table?select=%2A&website=is.null') to the header table, sensitive:False, huffman:True
2024-07-23 12:39:47,006 - DEBUG - Encoding 4 with 6 bits
2024-07-23 12:39:47,006 - DEBUG - Encoding 44 with 7 bits
2024-07-23 12:39:47,006 - DEBUG - Adding (b'accept', b'*/*') to the header table, sensitive:False, huffman:True
2024-07-23 12:39:47,007 - DEBUG - Encoding 19 with 6 bits
2024-07-23 12:39:47,007 - DEBUG - Encoding 3 with 7 bits
2024-07-23 12:39:47,007 - DEBUG - Adding (b'accept-encoding', b'gzip, deflate') to the header table, sensitive:False, huffman:True
2024-07-23 12:39:47,007 - DEBUG - Encoding 16 with 7 bits
2024-07-23 12:39:47,007 - DEBUG - Adding (b'user-agent', b'python-httpx/0.27.0') to the header table, sensitive:False, huffman:True
2024-07-23 12:39:47,007 - DEBUG - Encoding 58 with 6 bits
2024-07-23 12:39:47,007 - DEBUG - Encoding 14 with 7 bits
2024-07-23 12:39:47,007 - DEBUG - Adding (b'x-client-info', b'supabase-py/2.5.3') to the header table, sensitive:False, huffman:True
2024-07-23 12:39:47,007 - DEBUG - Encoding 10 with 7 bits
2024-07-23 12:39:47,007 - DEBUG - Encoding 13 with 7 bits
2024-07-23 12:39:47,007 - DEBUG - Adding (b'apikey', b'eyJhbGciOiJIUzI1NiIsInR5cCI6IkpXVCJ9.eyJpc3MiOiJzdXBhYmFzZSIsInJlZiI6Imtja2xiemVhb2NleGR3aGNzaWF0Iiwicm9sZSI6ImFub24iLCJpYXQiOjE3MTk3NzI3MTksImV4cCI6MjAzNTM0ODcxOX0.T7ooLFl6wuHF9FYlaVInWk4_ctvgpjjy7Q2trqiSkOM') to the header table, sensitive:False, huffman:True
2024-07-23 12:39:47,007 - DEBUG - Encoding 5 with 7 bits
2024-07-23 12:39:47,007 - DEBUG - Encoding 166 with 7 bits
2024-07-23 12:39:47,007 - DEBUG - Adding (b'authorization', b'Bearer eyJhbGciOiJIUzI1NiIsInR5cCI6IkpXVCJ9.eyJpc3MiOiJzdXBhYmFzZSIsInJlZiI6Imtja2xiemVhb2NleGR3aGNzaWF0Iiwicm9sZSI6ImFub24iLCJpYXQiOjE3MTk3NzI3MTksImV4cCI6MjAzNTM0ODcxOX0.T7ooLFl6wuHF9FYlaVInWk4_ctvgpjjy7Q2trqiSkOM') to the header table, sensitive:True, huffman:True
2024-07-23 12:39:47,007 - DEBUG - Encoding 23 with 4 bits
2024-07-23 12:39:47,007 - DEBUG - Encoding 171 with 7 bits
2024-07-23 12:39:47,007 - DEBUG - Adding (b'accept-profile', b'public') to the header table, sensitive:False, huffman:True
2024-07-23 12:39:47,007 - DEBUG - Encoding 10 with 7 bits
2024-07-23 12:39:47,007 - DEBUG - Encoding 5 with 7 bits
2024-07-23 12:39:47,007 - DEBUG - Adding (b'content-profile', b'public') to the header table, sensitive:False, huffman:True
2024-07-23 12:39:47,008 - DEBUG - Encoding 11 with 7 bits
2024-07-23 12:39:47,008 - DEBUG - Encoding 5 with 7 bits
2024-07-23 12:39:47,008 - DEBUG - Adding (b'content-length', b'2') to the header table, sensitive:False, huffman:True
2024-07-23 12:39:47,008 - DEBUG - Encoding 28 with 6 bits
2024-07-23 12:39:47,008 - DEBUG - Encoding 1 with 7 bits
2024-07-23 12:39:47,008 - DEBUG - Adding (b'content-type', b'application/json') to the header table, sensitive:False, huffman:True
2024-07-23 12:39:47,008 - DEBUG - Encoding 31 with 6 bits
2024-07-23 12:39:47,008 - DEBUG - Encoding 11 with 7 bits
2024-07-23 12:39:47,008 - DEBUG - Encoded header block to b"\x82A\x97\xeaN\xb4G\xec\xa39\x0b\xe6O\x13\x91\x06\x1aWE\xb5\x8e1\xa0\xab\x90\xff\x87D\xacb\xc2\xa1,w\x0b\x19m\xa8\xb1\x10\xd3T8\x88zc5E\x92$\x8e:\x0b\xfe \xb4\x14\x89\x81QC\xf1\xe0\xb1\xa0\xc9,\x06B\xf5[E\x1fS\x83\xf9c\xe7\x90z\x8e\xaf\xd2g=KN\x94\xd7\xe5\x80.'W\x07@\x8a\xf2\xb1(1jJ\xc6\xaaS\xff\x8dE\xb5\x8e1\xa0\xabW\xe9\x81.\xda\xec\xff@\x85\x1df\xea__\xff'/\xac\xb3\xc7\x88\x86\xd4l\xb98{\xc8\x1d&\xc8\x8c\x95ml\x97\xb29\x93\xad\x7f\x9coe}r\xfa\xcbY\x19\xd0mF\xcb\xeeO\xcb\xb3\xf3\xa7\x0f\xbf\xdd\xd9\x11\x92\xac\xb4~\x9b#\x99)OA\x8b\xc9\x8bO\x19\xe3\x16\x9a\x0b\x8bk#\xc5\xa7\xd8\xf9a\x06Cx1)}\x1f\xbb\xb29\x92\x9c6\xc6&\x8d\x9e\xf6Z\xf9\xfel6\xae\x98\x19\xd1\xbf\xab:}\xe4gF\xfe\xa8\xc9O\x16\x89{#\x9a:C\xefN\xfd\x00\xd5|\x9eu~\x01}\xee\x9c\xf9\xf0\xd0\xe7\x8bq\xe1\x7f\x0f:\x07\xc7%\\\xba\xb5\x11\x13\xdej\xfat\xf4\xee\xc1&\xce\xc6\xdd\xd7V\x8f\x1f\x08\xff,\xbaQ\xd8[\x14/\xac\xb3\xc7\x88\x86\xd4l\xb98{\xc8\x1d&\xc8\x8c\x95ml\x97\xb29\x93\xad\x7f\x9coe}r\xfa\xcbY\x19\xd0mF\xcb\xeeO\xcb\xb3\xf3\xa7\x0f\xbf\xdd\xd9\x11\x92\xac\xb4~\x9b#\x99)OA\x8b\xc9\x8bO\x19\xe3\x16\x9a\x0b\x8bk#\xc5\xa7\xd8\xf9a\x06Cx1)}\x1f\xbb\xb29\x92\x9c6\xc6&\x8d\x9e\xf6Z\xf9\xfel6\xae\x98\x19\xd1\xbf\xab:}\xe4gF\xfe\xa8\xc9O\x16\x89{#\x9a:C\xefN\xfd\x00\xd5|\x9eu~\x01}\xee\x9c\xf9\xf0\xd0\xe7\x8bq\xe1\x7f\x0f:\x07\xc7%\\\xba\xb5\x11\x13\xdej\xfat\xf4\xee\xc1&\xce\xc6\xdd\xd7V\x8f@\x8a\x19\x08Z\xd2\xb5v\x1eSP_\x85\xae\xd8\xe81?@\x8b!\xeaIjJ\xd5\xd8yMA\x7f\x85\xae\xd8\xe81?\\\x81\x17_\x8b\x1du\xd0b\r&=LtA\xea"
2024-07-23 12:39:47,008 - DEBUG - send_request_headers.complete
2024-07-23 12:39:47,008 - DEBUG - send_request_body.started request=<Request [b'GET']> stream_id=1
2024-07-23 12:39:47,008 - DEBUG - send_request_body.complete
2024-07-23 12:39:47,008 - DEBUG - receive_response_headers.started request=<Request [b'GET']> stream_id=1
2024-07-23 12:39:47,021 - DEBUG - receive_remote_settings.started
2024-07-23 12:39:47,021 - DEBUG - receive_remote_settings.complete return_value=<RemoteSettingsChanged changed_settings:{ChangedSetting(setting=SettingCodes.MAX_CONCURRENT_STREAMS, original_value=None, new_value=100), ChangedSetting(setting=SettingCodes.INITIAL_WINDOW_SIZE, original_value=65535, new_value=65536), ChangedSetting(setting=SettingCodes.MAX_FRAME_SIZE, original_value=16384, new_value=16777215)}>
2024-07-23 12:39:47,348 - DEBUG - Decoding b'?\xe1\x1f\x88a\x97\xdfi~\x94\x13*e\xb6\x85\x04\x014\xa0]\xb8\xcb\xf7\x1auLZ7\xff_\x96\x1du\xd0b\r&=LtA\xea\xfbP\x93\x8e\xc4\x150Z\x99V{^\x86\x02\xcf\xbe\xfb\x1f?@\x85$\xabX?_\x8fxn\xc8\xeb#\x8d\xd8\xddu\x98\xe4*\xda0h@\x8a$\xab\x10d\x9c\xab!#M\xa8\x86\xbf\xcfL:2^]\xa6c-\xb5\x16"\x1aj\x87\x11\x0fLf\xa8\xb2D\x91\xc7A\x7f\xc4\x16\x82\x910*(~<\x164\x19%\x80\xc8^\xabh\xa3x\x99\xa4~V\x1c\xc5\x80-\xb6\xd8\x80\x00}\xa8j\x89E\xb2\x17u\xb1\xdf=#5H@\x8b!\xeaIjJ\xd5\xd8yMA\x7f\x85\xae\xd8\xe81?@\x8dDkL4\x97\xc0\xfd-\xdc\xb6 \xc7\xab\x011@\x95\xf2\xb1j\xee\x7fK[Z\x13aGJ\xc8-\x9d\xccB\xac\x93R_\x0221{\x8b\x84\x84-i[\x05D<\x86\xaaov\x87%\x07\xb6Ih\x1d\x85Z\x83\x9b\xd9\xab@\x85\x1d\tY\x1d\xc9\x90\x9d\x98?\x9b\x8d4\xcf\xf3\xf6\xa5#\x81\xe7\x1a\x00?'
2024-07-23 12:39:47,349 - DEBUG - Decoded 4096, consumed 3 bytes
2024-07-23 12:39:47,349 - DEBUG - Resizing header table to 4096 from 4096
2024-07-23 12:39:47,349 - DEBUG - Decoded 8, consumed 1 bytes
2024-07-23 12:39:47,349 - DEBUG - Decoded (b':status', b'200'), consumed 1
2024-07-23 12:39:47,349 - DEBUG - Decoded 33, consumed 1 bytes
2024-07-23 12:39:47,349 - DEBUG - Decoded 23, consumed 1 bytes
2024-07-23 12:39:47,349 - DEBUG - Decoded (b'date', b'Tue, 23 Jul 2024 17:39:47 GMT'), total consumed 25 bytes, indexed True
2024-07-23 12:39:47,349 - DEBUG - Decoded 31, consumed 1 bytes
2024-07-23 12:39:47,349 - DEBUG - Decoded 22, consumed 1 bytes
2024-07-23 12:39:47,349 - DEBUG - Decoded (b'content-type', b'application/json; charset=utf-8'), total consumed 24 bytes, indexed True
2024-07-23 12:39:47,349 - DEBUG - Decoded 30, consumed 1 bytes
2024-07-23 12:39:47,349 - DEBUG - Decoded 6, consumed 1 bytes
2024-07-23 12:39:47,349 - DEBUG - Decoded (b'content-range', b'0-999/*'), total consumed 8 bytes, indexed True
2024-07-23 12:39:47,350 - DEBUG - Decoded 5, consumed 1 bytes
2024-07-23 12:39:47,350 - DEBUG - Decoded 15, consumed 1 bytes
2024-07-23 12:39:47,350 - DEBUG - Decoded (b'cf-ray', b'8a7d73ab7b773bde-MEM'), total consumed 23 bytes, indexed True
2024-07-23 12:39:47,350 - DEBUG - Decoded 10, consumed 1 bytes
2024-07-23 12:39:47,350 - DEBUG - Decoded 6, consumed 1 bytes
2024-07-23 12:39:47,350 - DEBUG - Decoded (b'cf-cache-status', b'DYNAMIC'), total consumed 19 bytes, indexed True
2024-07-23 12:39:47,350 - DEBUG - Decoded 29, consumed 1 bytes
2024-07-23 12:39:47,350 - DEBUG - Decoded 38, consumed 1 bytes
2024-07-23 12:39:47,350 - DEBUG - Decoded (b'content-location', b'/June_cigna_combined_table?select=%2A&website=is.null'), total consumed 40 bytes, indexed True
2024-07-23 12:39:47,350 - DEBUG - Decoded 56, consumed 1 bytes
2024-07-23 12:39:47,350 - DEBUG - Decoded 25, consumed 1 bytes
2024-07-23 12:39:47,350 - DEBUG - Decoded (b'strict-transport-security', b'max-age=15552000; includeSubDomains'), total consumed 27 bytes, indexed True
2024-07-23 12:39:47,350 - DEBUG - Decoded 11, consumed 1 bytes
2024-07-23 12:39:47,351 - DEBUG - Decoded 5, consumed 1 bytes
2024-07-23 12:39:47,351 - DEBUG - Decoded (b'content-profile', b'public'), total consumed 19 bytes, indexed True
2024-07-23 12:39:47,351 - DEBUG - Decoded 13, consumed 1 bytes
2024-07-23 12:39:47,351 - DEBUG - Decoded 1, consumed 1 bytes
2024-07-23 12:39:47,351 - DEBUG - Decoded (b'sb-gateway-version', <memory at 0x106e78580>), total consumed 17 bytes, indexed True
2024-07-23 12:39:47,351 - DEBUG - Decoded 21, consumed 1 bytes
2024-07-23 12:39:47,351 - DEBUG - Decoded 2, consumed 1 bytes
2024-07-23 12:39:47,351 - DEBUG - Decoded (b'x-envoy-upstream-service-time', <memory at 0x106e781c0>), total consumed 26 bytes, indexed True
2024-07-23 12:39:47,351 - DEBUG - Decoded 59, consumed 1 bytes
2024-07-23 12:39:47,351 - DEBUG - Decoded 11, consumed 1 bytes
2024-07-23 12:39:47,351 - DEBUG - Decoded (b'vary', b'Accept-Encoding'), total consumed 13 bytes, indexed True
2024-07-23 12:39:47,351 - DEBUG - Decoded 54, consumed 1 bytes
2024-07-23 12:39:47,351 - DEBUG - Decoded 7, consumed 1 bytes
2024-07-23 12:39:47,351 - DEBUG - Decoded (b'server', b'cloudflare'), total consumed 9 bytes, indexed True
2024-07-23 12:39:47,352 - DEBUG - Decoded 26, consumed 1 bytes
2024-07-23 12:39:47,352 - DEBUG - Decoded 3, consumed 1 bytes
2024-07-23 12:39:47,352 - DEBUG - Decoded (b'content-encoding', b'gzip'), total consumed 5 bytes, indexed True
2024-07-23 12:39:47,352 - DEBUG - Decoded 5, consumed 1 bytes
2024-07-23 12:39:47,352 - DEBUG - Decoded 16, consumed 1 bytes
2024-07-23 12:39:47,352 - DEBUG - Decoded (b'alt-svc', b'h3=":443"; ma=86400'), total consumed 24 bytes, indexed True
2024-07-23 12:39:47,352 - DEBUG - receive_response_headers.complete return_value=(200, [(b'date', b'Tue, 23 Jul 2024 17:39:47 GMT'), (b'content-type', b'application/json; charset=utf-8'), (b'content-range', b'0-999/*'), (b'cf-ray', b'8a7d73ab7b773bde-MEM'), (b'cf-cache-status', b'DYNAMIC'), (b'content-location', b'/June_cigna_combined_table?select=%2A&website=is.null'), (b'strict-transport-security', b'max-age=15552000; includeSubDomains'), (b'content-profile', b'public'), (b'sb-gateway-version', b'1'), (b'x-envoy-upstream-service-time', b'21'), (b'vary', b'Accept-Encoding'), (b'server', b'cloudflare'), (b'content-encoding', b'gzip'), (b'alt-svc', b'h3=":443"; ma=86400')])
2024-07-23 12:39:47,354 - INFO - HTTP Request: GET https://kcklbzeaocexdwhcsiat.supabase.co/rest/v1/June_cigna_combined_table?select=%2A&website=is.null "HTTP/2 200 OK"
2024-07-23 12:39:47,354 - DEBUG - receive_response_body.started request=<Request [b'GET']> stream_id=1
2024-07-23 12:39:47,408 - DEBUG - receive_response_body.complete
2024-07-23 12:39:47,408 - DEBUG - response_closed.started stream_id=1
2024-07-23 12:39:47,408 - DEBUG - response_closed.complete
2024-07-23 12:39:47,414 - INFO - Found 1000 hospitals without websites
2024-07-23 12:39:47,430 - DEBUG - Sending request for query: SBH-MADISON LLC MIDDLETON WI hospital website
2024-07-23 12:39:47,481 - DEBUG - Starting new HTTPS connection (1): www.google.com:443
2024-07-23 12:39:48,025 - DEBUG - https://www.google.com:443 "GET /search?q=SBH-MADISON%20LLC%20MIDDLETON%20WI%20hospital%20website HTTP/11" 302 456
2024-07-23 12:39:48,062 - DEBUG - https://www.google.com:443 "GET /sorry/index?continue=https://www.google.com/search%3Fq%3DSBH-MADISON%2520LLC%2520MIDDLETON%2520WI%2520hospital%2520website&q=EhAmAQPCgwCKsB0hYZEuJKwAGOPV_7QGIjA_E0XSkB9rEoI-sahFaPPbQcMcbT3tz55KyQ2aWKuEoLkmUixxxdm8x-FF4-cHnq8yAXJaAUM HTTP/11" 429 3320
2024-07-23 12:39:48,065 - ERROR - Request failed for query 'SBH-MADISON LLC MIDDLETON WI hospital website': 429 Client Error: Too Many Requests for url: https://www.google.com/sorry/index?continue=https://www.google.com/search%3Fq%3DSBH-MADISON%2520LLC%2520MIDDLETON%2520WI%2520hospital%2520website&q=EhAmAQPCgwCKsB0hYZEuJKwAGOPV_7QGIjA_E0XSkB9rEoI-sahFaPPbQcMcbT3tz55KyQ2aWKuEoLkmUixxxdm8x-FF4-cHnq8yAXJaAUM
2024-07-23 12:39:48,066 - ERROR - Error in chunk 0: 'id'
2024-07-23 12:39:48,066 - INFO - Updated 0 hospital websites using 1 agents.
